[Sun Nov 10 02:00:05.775418 2019] [ssl:warn] [pid 13436:tid 108] AH01909: www.example.com:443:0 server certificate does NOT include an ID which matches the server name
[Sun Nov 10 02:00:06.166016 2019] [ssl:warn] [pid 13436:tid 108] AH01909: www.example.com:443:0 server certificate does NOT include an ID which matches the server name
[Sun Nov 10 02:00:09.717064 2019] [mpm_winnt:notice] [pid 13436:tid 108] AH00455: Apache/2.4.38 (Win64) OpenSSL/1.0.2q PHP/5.6.40 configured -- resuming normal operations
[Sun Nov 10 02:00:09.717064 2019] [mpm_winnt:notice] [pid 13436:tid 108] AH00456: Apache Lounge VC11 Server built: Jan 21 2019 13:25:29
[Sun Nov 10 02:00:09.717064 2019] [core:notice] [pid 13436:tid 108] AH00094: Command line: 'C:\\xampp\\apache\\bin\\httpd.exe -d C:/xampp/apache'
[Sun Nov 10 02:00:09.826502 2019] [mpm_winnt:notice] [pid 13436:tid 108] AH00418: Parent: Created child process 13840
[Sun Nov 10 02:00:10.654498 2019] [ssl:warn] [pid 13840:tid 540] AH01909: www.example.com:443:0 server certificate does NOT include an ID which matches the server name
[Sun Nov 10 02:00:10.935730 2019] [ssl:warn] [pid 13840:tid 540] AH01909: www.example.com:443:0 server certificate does NOT include an ID which matches the server name
[Sun Nov 10 02:00:10.982621 2019] [mpm_winnt:notice] [pid 13840:tid 540] AH00354: Child: Starting 150 worker threads.
[Sun Nov 10 02:07:03.871616 2019] [ssl:warn] [pid 13360:tid 536] AH01909: www.example.com:443:0 server certificate does NOT include an ID which matches the server name
[Sun Nov 10 02:07:04.340334 2019] [ssl:warn] [pid 13360:tid 536] AH01909: www.example.com:443:0 server certificate does NOT include an ID which matches the server name
[Sun Nov 10 02:07:04.434077 2019] [mpm_winnt:notice] [pid 13360:tid 536] AH00455: Apache/2.4.38 (Win64) OpenSSL/1.0.2q PHP/5.6.40 configured -- resuming normal operations
[Sun Nov 10 02:07:04.434077 2019] [mpm_winnt:notice] [pid 13360:tid 536] AH00456: Apache Lounge VC11 Server built: Jan 21 2019 13:25:29
[Sun Nov 10 02:07:04.434077 2019] [core:notice] [pid 13360:tid 536] AH00094: Command line: 'c:\\xampp\\apache\\bin\\httpd.exe -d C:/xampp/apache'
[Sun Nov 10 02:07:04.512197 2019] [mpm_winnt:notice] [pid 13360:tid 536] AH00418: Parent: Created child process 4224
[Sun Nov 10 02:07:05.949596 2019] [ssl:warn] [pid 4224:tid 536] AH01909: www.example.com:443:0 server certificate does NOT include an ID which matches the server name
[Sun Nov 10 02:07:06.402692 2019] [ssl:warn] [pid 4224:tid 536] AH01909: www.example.com:443:0 server certificate does NOT include an ID which matches the server name
[Sun Nov 10 02:07:06.465188 2019] [mpm_winnt:notice] [pid 4224:tid 536] AH00354: Child: Starting 150 worker threads.
[Sun Nov 10 12:51:59.459217 2019] [:error] [pid 4224:tid 1940] [client ::1:50638] PHP Parse error:  syntax error, unexpected '$img' (T_VARIABLE) in C:\\xampp\\htdocs\\redesocial\\index.php on line 24
[Sun Nov 10 12:52:04.078583 2019] [:error] [pid 4224:tid 1940] [client ::1:50638] PHP Parse error:  syntax error, unexpected '$img' (T_VARIABLE) in C:\\xampp\\htdocs\\redesocial\\index.php on line 24
[Sun Nov 10 12:52:25.957477 2019] [:error] [pid 4224:tid 1904] [client ::1:50660] PHP Parse error:  syntax error, unexpected '$img' (T_VARIABLE) in C:\\xampp\\htdocs\\redesocial\\index.php on line 24, referer: http://localhost/redesocial/login.php
[Sun Nov 10 12:58:42.810336 2019] [:error] [pid 4224:tid 1904] [client ::1:50695] PHP Parse error:  syntax error, unexpected '$img' (T_VARIABLE) in C:\\xampp\\htdocs\\redesocial\\index.php on line 24
[Sun Nov 10 12:59:01.491571 2019] [:error] [pid 4224:tid 1920] [client ::1:50699] PHP Parse error:  syntax error, unexpected '$img' (T_VARIABLE) in C:\\xampp\\htdocs\\redesocial\\index.php on line 24
[Sun Nov 10 13:00:32.592582 2019] [:error] [pid 4224:tid 1904] [client ::1:50714] PHP Parse error:  syntax error, unexpected '$img' (T_VARIABLE) in C:\\xampp\\htdocs\\redesocial\\index.php on line 24
[Sun Nov 10 13:02:14.191202 2019] [:error] [pid 4224:tid 1920] [client ::1:50757] PHP Parse error:  syntax error, unexpected '$img' (T_VARIABLE) in C:\\xampp\\htdocs\\redesocial\\index.php on line 24
[Sun Nov 10 13:02:28.599573 2019] [:error] [pid 4224:tid 1904] [client ::1:50769] PHP Parse error:  syntax error, unexpected '$img' (T_VARIABLE) in C:\\xampp\\htdocs\\redesocial\\index.php on line 24
[Sun Nov 10 13:03:32.350097 2019] [:error] [pid 4224:tid 1904] [client ::1:50823] PHP Parse error:  syntax error, unexpected '$img' (T_VARIABLE) in C:\\xampp\\htdocs\\redesocial\\index.php on line 24
[Sun Nov 10 13:13:58.899265 2019] [:error] [pid 4224:tid 1904] [client ::1:51334] PHP Parse error:  syntax error, unexpected '$img' (T_VARIABLE) in C:\\xampp\\htdocs\\redesocial\\index.php on line 24
[Sun Nov 10 13:17:17.012851 2019] [:error] [pid 4224:tid 1904] [client ::1:51494] PHP Parse error:  syntax error, unexpected '$img' (T_VARIABLE) in C:\\xampp\\htdocs\\redesocial\\index.php on line 24
[Sun Nov 10 13:17:18.111345 2019] [:error] [pid 4224:tid 1904] [client ::1:51494] PHP Parse error:  syntax error, unexpected '$img' (T_VARIABLE) in C:\\xampp\\htdocs\\redesocial\\index.php on line 24
[Sun Nov 10 13:17:19.317455 2019] [:error] [pid 4224:tid 1904] [client ::1:51494] PHP Parse error:  syntax error, unexpected '$img' (T_VARIABLE) in C:\\xampp\\htdocs\\redesocial\\index.php on line 24
[Sun Nov 10 13:17:20.202256 2019] [:error] [pid 4224:tid 1904] [client ::1:51494] PHP Parse error:  syntax error, unexpected '$img' (T_VARIABLE) in C:\\xampp\\htdocs\\redesocial\\index.php on line 24
[Sun Nov 10 13:17:20.776646 2019] [:error] [pid 4224:tid 1904] [client ::1:51494] PHP Parse error:  syntax error, unexpected '$img' (T_VARIABLE) in C:\\xampp\\htdocs\\redesocial\\index.php on line 24
[Sun Nov 10 13:17:48.131317 2019] [:error] [pid 4224:tid 1920] [client ::1:51519] PHP Parse error:  syntax error, unexpected '$img' (T_VARIABLE) in C:\\xampp\\htdocs\\redesocial\\index.php on line 24
[Sun Nov 10 13:17:48.825478 2019] [:error] [pid 4224:tid 1920] [client ::1:51519] PHP Parse error:  syntax error, unexpected '$img' (T_VARIABLE) in C:\\xampp\\htdocs\\redesocial\\index.php on line 24
[Sun Nov 10 15:03:20.476445 2019] [:error] [pid 4224:tid 1940] [client ::1:52491] PHP Notice:  Undefined index: id in C:\\xampp\\htdocs\\redesocial\\profile.php on line 4
[Sun Nov 10 21:07:52.926161 2019] [:error] [pid 4224:tid 1920] [client ::1:54264] PHP Warning:  mysql_fetch_assoc() expects parameter 1 to be resource, boolean given in C:\\xampp\\htdocs\\redesocial\\profile.php on line 49, referer: http://localhost/redesocial/
[Sun Nov 10 21:07:52.928181 2019] [:error] [pid 4224:tid 1920] [client ::1:54264] PHP Warning:  mysql_num_rows() expects parameter 1 to be resource, boolean given in C:\\xampp\\htdocs\\redesocial\\profile.php on line 51, referer: http://localhost/redesocial/
[Sun Nov 10 21:07:52.928181 2019] [:error] [pid 4224:tid 1920] [client ::1:54264] PHP Warning:  mysql_num_rows() expects parameter 1 to be resource, boolean given in C:\\xampp\\htdocs\\redesocial\\profile.php on line 53, referer: http://localhost/redesocial/
[Sun Nov 10 21:09:04.882098 2019] [:error] [pid 4224:tid 1896] [client ::1:54267] PHP Warning:  mysql_fetch_assoc() expects parameter 1 to be resource, boolean given in C:\\xampp\\htdocs\\redesocial\\profile.php on line 49, referer: http://localhost/redesocial/
[Sun Nov 10 21:09:04.883100 2019] [:error] [pid 4224:tid 1896] [client ::1:54267] PHP Warning:  mysql_num_rows() expects parameter 1 to be resource, boolean given in C:\\xampp\\htdocs\\redesocial\\profile.php on line 51, referer: http://localhost/redesocial/
[Sun Nov 10 21:09:04.884100 2019] [:error] [pid 4224:tid 1896] [client ::1:54267] PHP Warning:  mysql_num_rows() expects parameter 1 to be resource, boolean given in C:\\xampp\\htdocs\\redesocial\\profile.php on line 53, referer: http://localhost/redesocial/
[Sun Nov 10 21:13:28.013942 2019] [:error] [pid 4224:tid 1896] [client ::1:54281] PHP Warning:  mysql_fetch_assoc() expects parameter 1 to be resource, boolean given in C:\\xampp\\htdocs\\redesocial\\profile.php on line 49, referer: http://localhost/redesocial/
[Sun Nov 10 21:13:28.014938 2019] [:error] [pid 4224:tid 1896] [client ::1:54281] PHP Warning:  mysql_num_rows() expects parameter 1 to be resource, boolean given in C:\\xampp\\htdocs\\redesocial\\profile.php on line 51, referer: http://localhost/redesocial/
[Sun Nov 10 21:13:28.014938 2019] [:error] [pid 4224:tid 1896] [client ::1:54281] PHP Warning:  mysql_num_rows() expects parameter 1 to be resource, boolean given in C:\\xampp\\htdocs\\redesocial\\profile.php on line 53, referer: http://localhost/redesocial/
[Sun Nov 10 21:13:29.095862 2019] [:error] [pid 4224:tid 1896] [client ::1:54281] PHP Warning:  mysql_fetch_assoc() expects parameter 1 to be resource, boolean given in C:\\xampp\\htdocs\\redesocial\\profile.php on line 49, referer: http://localhost/redesocial/
[Sun Nov 10 21:13:29.096861 2019] [:error] [pid 4224:tid 1896] [client ::1:54281] PHP Warning:  mysql_num_rows() expects parameter 1 to be resource, boolean given in C:\\xampp\\htdocs\\redesocial\\profile.php on line 51, referer: http://localhost/redesocial/
[Sun Nov 10 21:13:29.098860 2019] [:error] [pid 4224:tid 1896] [client ::1:54281] PHP Warning:  mysql_num_rows() expects parameter 1 to be resource, boolean given in C:\\xampp\\htdocs\\redesocial\\profile.php on line 53, referer: http://localhost/redesocial/
[Sun Nov 10 21:13:32.554535 2019] [:error] [pid 4224:tid 1896] [client ::1:54281] PHP Warning:  mysql_fetch_assoc() expects parameter 1 to be resource, boolean given in C:\\xampp\\htdocs\\redesocial\\profile.php on line 49, referer: http://localhost/redesocial/
[Sun Nov 10 21:13:32.554535 2019] [:error] [pid 4224:tid 1896] [client ::1:54281] PHP Warning:  mysql_num_rows() expects parameter 1 to be resource, boolean given in C:\\xampp\\htdocs\\redesocial\\profile.php on line 50, referer: http://localhost/redesocial/
[Sun Nov 10 21:13:32.555522 2019] [:error] [pid 4224:tid 1896] [client ::1:54281] PHP Warning:  mysql_num_rows() expects parameter 1 to be resource, boolean given in C:\\xampp\\htdocs\\redesocial\\profile.php on line 52, referer: http://localhost/redesocial/
[Sun Nov 10 21:13:33.880468 2019] [:error] [pid 4224:tid 1896] [client ::1:54281] PHP Warning:  mysql_fetch_assoc() expects parameter 1 to be resource, boolean given in C:\\xampp\\htdocs\\redesocial\\profile.php on line 49, referer: http://localhost/redesocial/
[Sun Nov 10 21:13:33.881459 2019] [:error] [pid 4224:tid 1896] [client ::1:54281] PHP Warning:  mysql_num_rows() expects parameter 1 to be resource, boolean given in C:\\xampp\\htdocs\\redesocial\\profile.php on line 50, referer: http://localhost/redesocial/
[Sun Nov 10 21:13:33.881459 2019] [:error] [pid 4224:tid 1896] [client ::1:54281] PHP Warning:  mysql_num_rows() expects parameter 1 to be resource, boolean given in C:\\xampp\\htdocs\\redesocial\\profile.php on line 52, referer: http://localhost/redesocial/
[Sun Nov 10 21:13:49.374342 2019] [:error] [pid 4224:tid 1920] [client ::1:54288] PHP Warning:  mysql_fetch_assoc() expects parameter 1 to be resource, boolean given in C:\\xampp\\htdocs\\redesocial\\profile.php on line 49, referer: http://localhost/redesocial/
[Sun Nov 10 21:13:49.374342 2019] [:error] [pid 4224:tid 1920] [client ::1:54288] PHP Warning:  mysql_num_rows() expects parameter 1 to be resource, boolean given in C:\\xampp\\htdocs\\redesocial\\profile.php on line 50, referer: http://localhost/redesocial/
[Sun Nov 10 21:13:49.375345 2019] [:error] [pid 4224:tid 1920] [client ::1:54288] PHP Warning:  mysql_num_rows() expects parameter 1 to be resource, boolean given in C:\\xampp\\htdocs\\redesocial\\profile.php on line 52, referer: http://localhost/redesocial/
[Sun Nov 10 21:15:27.183467 2019] [:error] [pid 4224:tid 1896] [client ::1:54294] PHP Warning:  mysql_fetch_assoc() expects parameter 1 to be resource, boolean given in C:\\xampp\\htdocs\\redesocial\\profile.php on line 49, referer: http://localhost/redesocial/
[Sun Nov 10 21:15:27.184462 2019] [:error] [pid 4224:tid 1896] [client ::1:54294] PHP Warning:  mysql_num_rows() expects parameter 1 to be resource, boolean given in C:\\xampp\\htdocs\\redesocial\\profile.php on line 50, referer: http://localhost/redesocial/
[Sun Nov 10 21:15:27.185471 2019] [:error] [pid 4224:tid 1896] [client ::1:54294] PHP Warning:  mysql_num_rows() expects parameter 1 to be resource, boolean given in C:\\xampp\\htdocs\\redesocial\\profile.php on line 52, referer: http://localhost/redesocial/
[Sun Nov 10 22:00:42.549778 2019] [:error] [pid 4224:tid 1912] [client ::1:54425] PHP Warning:  mysql_fetch_assoc() expects parameter 1 to be resource, boolean given in C:\\xampp\\htdocs\\redesocial\\profile.php on line 49, referer: http://localhost/redesocial/index.php
[Sun Nov 10 22:00:42.550777 2019] [:error] [pid 4224:tid 1912] [client ::1:54425] PHP Warning:  mysql_num_rows() expects parameter 1 to be resource, boolean given in C:\\xampp\\htdocs\\redesocial\\profile.php on line 50, referer: http://localhost/redesocial/index.php
[Sun Nov 10 22:00:42.551776 2019] [:error] [pid 4224:tid 1912] [client ::1:54425] PHP Warning:  mysql_num_rows() expects parameter 1 to be resource, boolean given in C:\\xampp\\htdocs\\redesocial\\profile.php on line 52, referer: http://localhost/redesocial/index.php
[Sun Nov 10 22:01:49.789943 2019] [:error] [pid 4224:tid 1904] [client ::1:54430] PHP Warning:  mysql_fetch_assoc() expects parameter 1 to be resource, boolean given in C:\\xampp\\htdocs\\redesocial\\profile.php on line 49, referer: http://localhost/redesocial/
[Sun Nov 10 22:01:49.790940 2019] [:error] [pid 4224:tid 1904] [client ::1:54430] PHP Warning:  mysql_num_rows() expects parameter 1 to be resource, boolean given in C:\\xampp\\htdocs\\redesocial\\profile.php on line 50, referer: http://localhost/redesocial/
[Sun Nov 10 22:01:49.790940 2019] [:error] [pid 4224:tid 1904] [client ::1:54430] PHP Warning:  mysql_num_rows() expects parameter 1 to be resource, boolean given in C:\\xampp\\htdocs\\redesocial\\profile.php on line 52, referer: http://localhost/redesocial/
'nome' n∆o Ç reconhecido como um comando interno
ou externo, um programa oper†vel ou um arquivo em lotes.
[Sun Nov 10 22:01:52.852928 2019] [:error] [pid 4224:tid 1904] [client ::1:54430] PHP Notice:  Undefined index:  in C:\\xampp\\htdocs\\redesocial\\settings.php on line 45, referer: http://localhost/redesocial/myprofile.php
'apelido' n∆o Ç reconhecido como um comando interno
ou externo, um programa oper†vel ou um arquivo em lotes.
[Sun Nov 10 22:01:52.973360 2019] [:error] [pid 4224:tid 1904] [client ::1:54430] PHP Notice:  Undefined index:  in C:\\xampp\\htdocs\\redesocial\\settings.php on line 46, referer: http://localhost/redesocial/myprofile.php
'password' n∆o Ç reconhecido como um comando interno
ou externo, um programa oper†vel ou um arquivo em lotes.
[Sun Nov 10 22:01:53.111037 2019] [:error] [pid 4224:tid 1904] [client ::1:54430] PHP Notice:  Undefined index:  in C:\\xampp\\htdocs\\redesocial\\settings.php on line 47, referer: http://localhost/redesocial/myprofile.php
'nome' n∆o Ç reconhecido como um comando interno
ou externo, um programa oper†vel ou um arquivo em lotes.
[Sun Nov 10 22:06:44.549942 2019] [:error] [pid 4224:tid 1940] [client ::1:54445] PHP Notice:  Undefined index:  in C:\\xampp\\htdocs\\redesocial\\settings.php on line 45, referer: http://localhost/redesocial/myprofile.php
'apelido' n∆o Ç reconhecido como um comando interno
ou externo, um programa oper†vel ou um arquivo em lotes.
[Sun Nov 10 22:06:44.662992 2019] [:error] [pid 4224:tid 1940] [client ::1:54445] PHP Notice:  Undefined index:  in C:\\xampp\\htdocs\\redesocial\\settings.php on line 46, referer: http://localhost/redesocial/myprofile.php
'password' n∆o Ç reconhecido como um comando interno
ou externo, um programa oper†vel ou um arquivo em lotes.
[Sun Nov 10 22:06:44.784063 2019] [:error] [pid 4224:tid 1940] [client ::1:54445] PHP Notice:  Undefined index:  in C:\\xampp\\htdocs\\redesocial\\settings.php on line 47, referer: http://localhost/redesocial/myprofile.php
'nome' n∆o Ç reconhecido como um comando interno
ou externo, um programa oper†vel ou um arquivo em lotes.
[Sun Nov 10 22:06:50.357697 2019] [:error] [pid 4224:tid 1904] [client ::1:54446] PHP Notice:  Undefined index:  in C:\\xampp\\htdocs\\redesocial\\settings.php on line 54, referer: http://localhost/redesocial/myprofile.php
'apelido' n∆o Ç reconhecido como um comando interno
ou externo, um programa oper†vel ou um arquivo em lotes.
[Sun Nov 10 22:06:50.489838 2019] [:error] [pid 4224:tid 1904] [client ::1:54446] PHP Notice:  Undefined index:  in C:\\xampp\\htdocs\\redesocial\\settings.php on line 55, referer: http://localhost/redesocial/myprofile.php
'password' n∆o Ç reconhecido como um comando interno
ou externo, um programa oper†vel ou um arquivo em lotes.
[Sun Nov 10 22:06:50.621252 2019] [:error] [pid 4224:tid 1904] [client ::1:54446] PHP Notice:  Undefined index:  in C:\\xampp\\htdocs\\redesocial\\settings.php on line 56, referer: http://localhost/redesocial/myprofile.php
[Sun Nov 10 22:07:38.765737 2019] [:error] [pid 4224:tid 1940] [client ::1:54450] PHP Notice:  Undefined index: apelido in C:\\xampp\\htdocs\\redesocial\\settings.php on line 55, referer: http://localhost/redesocial/myprofile.php
[Sun Nov 10 22:17:00.899110 2019] [:error] [pid 4224:tid 1940] [client ::1:54466] PHP Warning:  mysql_fetch_assoc() expects parameter 1 to be resource, boolean given in C:\\xampp\\htdocs\\redesocial\\profile.php on line 49, referer: http://localhost/redesocial/index.php
[Sun Nov 10 22:17:00.901119 2019] [:error] [pid 4224:tid 1940] [client ::1:54466] PHP Warning:  mysql_num_rows() expects parameter 1 to be resource, boolean given in C:\\xampp\\htdocs\\redesocial\\profile.php on line 50, referer: http://localhost/redesocial/index.php
[Sun Nov 10 22:17:00.902108 2019] [:error] [pid 4224:tid 1940] [client ::1:54466] PHP Warning:  mysql_num_rows() expects parameter 1 to be resource, boolean given in C:\\xampp\\htdocs\\redesocial\\profile.php on line 52, referer: http://localhost/redesocial/index.php
[Sun Nov 10 22:19:50.941568 2019] [:error] [pid 4224:tid 1940] [client ::1:54488] PHP Notice:  Undefined index: apelido in C:\\xampp\\htdocs\\redesocial\\settings.php on line 9, referer: http://localhost/redesocial/settings.php
[Sun Nov 10 22:39:37.515702 2019] [:error] [pid 4224:tid 1904] [client ::1:54541] PHP Warning:  mysql_fetch_assoc() expects parameter 1 to be resource, boolean given in C:\\xampp\\htdocs\\redesocial\\profile.php on line 49, referer: http://localhost/redesocial/index.php
[Sun Nov 10 22:39:37.516728 2019] [:error] [pid 4224:tid 1904] [client ::1:54541] PHP Warning:  mysql_num_rows() expects parameter 1 to be resource, boolean given in C:\\xampp\\htdocs\\redesocial\\profile.php on line 50, referer: http://localhost/redesocial/index.php
[Sun Nov 10 22:39:37.517727 2019] [:error] [pid 4224:tid 1904] [client ::1:54541] PHP Warning:  mysql_num_rows() expects parameter 1 to be resource, boolean given in C:\\xampp\\htdocs\\redesocial\\profile.php on line 52, referer: http://localhost/redesocial/index.php
[Sun Nov 10 23:07:07.544144 2019] [:error] [pid 4224:tid 1904] [client ::1:54626] PHP Parse error:  syntax error, unexpected '&' in C:\\xampp\\htdocs\\redesocial\\profilepic.php on line 9
[Sun Nov 10 23:07:39.418070 2019] [:error] [pid 4224:tid 1940] [client ::1:54628] PHP Parse error:  syntax error, unexpected end of file in C:\\xampp\\htdocs\\redesocial\\profilepic.php on line 47
[Sun Nov 10 23:10:46.305935 2019] [:error] [pid 4224:tid 1940] [client ::1:54631] PHP Parse error:  syntax error, unexpected end of file in C:\\xampp\\htdocs\\redesocial\\profilepic.php on line 47
[Sun Nov 10 23:10:49.136954 2019] [:error] [pid 4224:tid 1940] [client ::1:54631] PHP Parse error:  syntax error, unexpected end of file in C:\\xampp\\htdocs\\redesocial\\profilepic.php on line 47
[Sun Nov 10 23:16:02.398626 2019] [:error] [pid 4224:tid 1904] [client ::1:54644] PHP Parse error:  syntax error, unexpected end of file in C:\\xampp\\htdocs\\redesocial\\profilepic.php on line 46
[Sun Nov 10 23:16:10.441112 2019] [:error] [pid 4224:tid 1940] [client ::1:54645] PHP Warning:  mysql_fetch_assoc() expects parameter 1 to be resource, boolean given in C:\\xampp\\htdocs\\redesocial\\profile.php on line 49
[Sun Nov 10 23:16:10.441112 2019] [:error] [pid 4224:tid 1940] [client ::1:54645] PHP Warning:  mysql_num_rows() expects parameter 1 to be resource, boolean given in C:\\xampp\\htdocs\\redesocial\\profile.php on line 50
[Sun Nov 10 23:16:10.445113 2019] [:error] [pid 4224:tid 1940] [client ::1:54645] PHP Warning:  mysql_num_rows() expects parameter 1 to be resource, boolean given in C:\\xampp\\htdocs\\redesocial\\profile.php on line 52
[Sun Nov 10 23:16:12.936343 2019] [:error] [pid 4224:tid 1940] [client ::1:54645] PHP Notice:  Undefined index: id in C:\\xampp\\htdocs\\redesocial\\profile.php on line 4, referer: http://localhost/redesocial/myprofile.php
[Sun Nov 10 23:16:12.940342 2019] [:error] [pid 4224:tid 1940] [client ::1:54645] PHP Warning:  mysql_fetch_assoc() expects parameter 1 to be resource, boolean given in C:\\xampp\\htdocs\\redesocial\\profile.php on line 49, referer: http://localhost/redesocial/myprofile.php
[Sun Nov 10 23:16:12.940342 2019] [:error] [pid 4224:tid 1940] [client ::1:54645] PHP Warning:  mysql_num_rows() expects parameter 1 to be resource, boolean given in C:\\xampp\\htdocs\\redesocial\\profile.php on line 50, referer: http://localhost/redesocial/myprofile.php
[Sun Nov 10 23:16:12.940342 2019] [:error] [pid 4224:tid 1940] [client ::1:54645] PHP Warning:  mysql_num_rows() expects parameter 1 to be resource, boolean given in C:\\xampp\\htdocs\\redesocial\\profile.php on line 52, referer: http://localhost/redesocial/myprofile.php
[Sun Nov 10 23:40:11.796965 2019] [:error] [pid 4224:tid 1904] [client ::1:54680] PHP Warning:  mysql_fetch_assoc() expects parameter 1 to be resource, boolean given in C:\\xampp\\htdocs\\redesocial\\profile.php on line 49, referer: http://localhost/redesocial/index.php
[Sun Nov 10 23:40:11.796965 2019] [:error] [pid 4224:tid 1904] [client ::1:54680] PHP Warning:  mysql_num_rows() expects parameter 1 to be resource, boolean given in C:\\xampp\\htdocs\\redesocial\\profile.php on line 50, referer: http://localhost/redesocial/index.php
[Sun Nov 10 23:40:11.796965 2019] [:error] [pid 4224:tid 1904] [client ::1:54680] PHP Warning:  mysql_num_rows() expects parameter 1 to be resource, boolean given in C:\\xampp\\htdocs\\redesocial\\profile.php on line 52, referer: http://localhost/redesocial/index.php
[Sun Nov 10 23:40:18.537779 2019] [:error] [pid 4224:tid 1904] [client ::1:54680] PHP Warning:  mysql_fetch_assoc() expects parameter 1 to be resource, boolean given in C:\\xampp\\htdocs\\redesocial\\profile.php on line 49, referer: http://localhost/redesocial/index.php
[Sun Nov 10 23:40:18.537779 2019] [:error] [pid 4224:tid 1904] [client ::1:54680] PHP Warning:  mysql_num_rows() expects parameter 1 to be resource, boolean given in C:\\xampp\\htdocs\\redesocial\\profile.php on line 50, referer: http://localhost/redesocial/index.php
[Sun Nov 10 23:40:18.541775 2019] [:error] [pid 4224:tid 1904] [client ::1:54680] PHP Warning:  mysql_num_rows() expects parameter 1 to be resource, boolean given in C:\\xampp\\htdocs\\redesocial\\profile.php on line 52, referer: http://localhost/redesocial/index.php
[Sun Nov 10 23:52:46.621971 2019] [:error] [pid 4224:tid 1904] [client ::1:54703] PHP Parse error:  syntax error, unexpected end of file in C:\\xampp\\htdocs\\redesocial\\profilepic.php on line 46, referer: http://localhost/redesocial/myprofile.php
[Sun Nov 10 23:52:56.836528 2019] [:error] [pid 4224:tid 1904] [client ::1:54705] PHP Parse error:  syntax error, unexpected end of file in C:\\xampp\\htdocs\\redesocial\\profilepic.php on line 46, referer: http://localhost/redesocial/myprofile.php
[Mon Nov 11 00:00:40.633891 2019] [:error] [pid 4224:tid 1904] [client ::1:54710] PHP Parse error:  syntax error, unexpected end of file in C:\\xampp\\htdocs\\redesocial\\profilepic.php on line 46, referer: http://localhost/redesocial/myprofile.php
[Mon Nov 11 00:18:41.465599 2019] [:error] [pid 4224:tid 1912] [client ::1:54790] PHP Warning:  mysql_fetch_assoc() expects parameter 1 to be resource, boolean given in C:\\xampp\\htdocs\\redesocial\\profile.php on line 49, referer: http://localhost/redesocial/index.php
[Mon Nov 11 00:18:41.465599 2019] [:error] [pid 4224:tid 1912] [client ::1:54790] PHP Warning:  mysql_num_rows() expects parameter 1 to be resource, boolean given in C:\\xampp\\htdocs\\redesocial\\profile.php on line 50, referer: http://localhost/redesocial/index.php
[Mon Nov 11 00:18:41.465599 2019] [:error] [pid 4224:tid 1912] [client ::1:54790] PHP Warning:  mysql_num_rows() expects parameter 1 to be resource, boolean given in C:\\xampp\\htdocs\\redesocial\\profile.php on line 52, referer: http://localhost/redesocial/index.php
[Mon Nov 11 00:19:40.247205 2019] [:error] [pid 4224:tid 1940] [client ::1:54808] PHP Notice:  Undefined index: temp_name in C:\\xampp\\htdocs\\redesocial\\profilepic.php on line 11, referer: http://localhost/redesocial/profilepic.php
[Mon Nov 11 00:54:06.268645 2019] [:error] [pid 4224:tid 1940] [client ::1:54904] PHP Warning:  mysql_fetch_assoc() expects parameter 1 to be resource, boolean given in C:\\xampp\\htdocs\\redesocial\\profile.php on line 72, referer: http://localhost/redesocial/
[Mon Nov 11 00:54:06.272647 2019] [:error] [pid 4224:tid 1940] [client ::1:54904] PHP Warning:  mysql_num_rows() expects parameter 1 to be resource, boolean given in C:\\xampp\\htdocs\\redesocial\\profile.php on line 73, referer: http://localhost/redesocial/
[Mon Nov 11 00:54:06.272647 2019] [:error] [pid 4224:tid 1940] [client ::1:54904] PHP Warning:  mysql_num_rows() expects parameter 1 to be resource, boolean given in C:\\xampp\\htdocs\\redesocial\\profile.php on line 75, referer: http://localhost/redesocial/
[Mon Nov 11 17:31:13.304664 2019] [:error] [pid 4224:tid 1912] [client ::1:59435] script 'C:/xampp/htdocs/redesocial/pedidos.php' not found or unable to stat, referer: http://localhost/redesocial/
[Mon Nov 11 19:01:03.092869 2019] [:error] [pid 4224:tid 1928] [client ::1:59897] PHP Fatal error:  Cannot redeclare remove() (previously declared in C:\\xampp\\htdocs\\redesocial\\profile.php:69) in C:\\xampp\\htdocs\\redesocial\\profile.php on line 112, referer: http://localhost/redesocial/profile.php?id=4
[Mon Nov 11 19:05:54.195131 2019] [:error] [pid 4224:tid 1940] [client ::1:59930] PHP Notice:  Undefined variable: EMAIL in C:\\xampp\\htdocs\\redesocial\\profile.php on line 104, referer: http://localhost/redesocial/profile.php?id=4
[Mon Nov 11 19:25:26.034587 2019] [:error] [pid 4224:tid 1912] [client ::1:60115] PHP Parse error:  syntax error, unexpected '}' in C:\\xampp\\htdocs\\redesocial\\pedidos.php on line 21, referer: http://localhost/redesocial/profile.php?id=3
[Mon Nov 11 19:25:27.987961 2019] [:error] [pid 4224:tid 1912] [client ::1:60115] PHP Parse error:  syntax error, unexpected '}' in C:\\xampp\\htdocs\\redesocial\\pedidos.php on line 21, referer: http://localhost/redesocial/profile.php?id=3
